============================= test session starts =============================
platform win32 -- Python 3.13.1, pytest-9.0.2, pluggy-1.6.0 -- C:\Python313\python.exe
cachedir: .pytest_cache
rootdir: C:\Users\edebe\eds
plugins: anyio-4.8.0, asyncio-1.3.0
asyncio: mode=Mode.STRICT, debug=False, asyncio_default_fixture_loop_scope=None, asyncio_default_test_loop_scope=function
collecting ... collected 26 items

epics/ep_050_distribution_engine/implementation/node_06/test_question_discovery.py::test_positive_registration_returns_expected_record PASSED [  3%]
epics/ep_050_distribution_engine/implementation/node_06/test_question_discovery.py::test_metadata_defaults_to_empty_dict_when_omitted PASSED [  7%]
epics/ep_050_distribution_engine/implementation/node_06/test_question_discovery.py::test_unregistered_target_is_rejected_fail_closed PASSED [ 11%]
epics/ep_050_distribution_engine/implementation/node_06/test_question_discovery.py::test_target_missing_node_05_is_rejected_fail_closed PASSED [ 15%]
epics/ep_050_distribution_engine/implementation/node_06/test_question_discovery.py::test_registered_target_with_all_five_real_upstream_registries_is_accepted PASSED [ 19%]
epics/ep_050_distribution_engine/implementation/node_06/test_question_discovery.py::test_missing_required_field_is_rejected[question_id] PASSED [ 23%]
epics/ep_050_distribution_engine/implementation/node_06/test_question_discovery.py::test_missing_required_field_is_rejected[target_id] PASSED [ 26%]
epics/ep_050_distribution_engine/implementation/node_06/test_question_discovery.py::test_missing_required_field_is_rejected[question_text] PASSED [ 30%]
epics/ep_050_distribution_engine/implementation/node_06/test_question_discovery.py::test_missing_required_field_is_rejected[topic] PASSED [ 34%]
epics/ep_050_distribution_engine/implementation/node_06/test_question_discovery.py::test_missing_required_field_is_rejected[pain_point] PASSED [ 38%]
epics/ep_050_distribution_engine/implementation/node_06/test_question_discovery.py::test_missing_required_field_is_rejected[geography] PASSED [ 42%]
epics/ep_050_distribution_engine/implementation/node_06/test_question_discovery.py::test_missing_required_field_is_rejected[intent_cues] PASSED [ 46%]
epics/ep_050_distribution_engine/implementation/node_06/test_question_discovery.py::test_missing_required_field_is_rejected[source_type] PASSED [ 50%]
epics/ep_050_distribution_engine/implementation/node_06/test_question_discovery.py::test_missing_required_field_is_rejected[observed_at] PASSED [ 53%]
epics/ep_050_distribution_engine/implementation/node_06/test_question_discovery.py::test_missing_required_field_is_rejected[evidence] PASSED [ 57%]
epics/ep_050_distribution_engine/implementation/node_06/test_question_discovery.py::test_source_type_outside_offline_mvp_boundary_is_rejected PASSED [ 61%]
epics/ep_050_distribution_engine/implementation/node_06/test_question_discovery.py::test_invalid_observed_at_format_is_rejected PASSED [ 65%]
epics/ep_050_distribution_engine/implementation/node_06/test_question_discovery.py::test_intent_cues_empty_list_is_rejected PASSED [ 69%]
epics/ep_050_distribution_engine/implementation/node_06/test_question_discovery.py::test_geography_wrong_type_is_rejected PASSED [ 73%]
epics/ep_050_distribution_engine/implementation/node_06/test_question_discovery.py::test_email_in_question_text_is_rejected PASSED [ 76%]
epics/ep_050_distribution_engine/implementation/node_06/test_question_discovery.py::test_phone_in_pain_point_is_rejected PASSED [ 80%]
epics/ep_050_distribution_engine/implementation/node_06/test_question_discovery.py::test_identical_reregistration_is_idempotent_and_does_not_duplicate PASSED [ 84%]
epics/ep_050_distribution_engine/implementation/node_06/test_question_discovery.py::test_conflicting_duplicate_same_question_different_content_is_rejected PASSED [ 88%]
epics/ep_050_distribution_engine/implementation/node_06/test_question_discovery.py::test_persistence_round_trip_via_new_registry_instance PASSED [ 92%]
epics/ep_050_distribution_engine/implementation/node_06/test_question_discovery.py::test_registration_makes_no_network_call PASSED [ 96%]
epics/ep_050_distribution_engine/implementation/node_06/test_question_discovery.py::test_full_lifecycle_regression PASSED [100%]

============================= 26 passed in 3.34s ==============================
