============================= test session starts =============================
platform win32 -- Python 3.13.1, pytest-9.0.2, pluggy-1.6.0 -- C:\Python313\python.exe
cachedir: .pytest_cache
rootdir: C:\Users\edebe\eds
plugins: anyio-4.8.0, asyncio-1.3.0
asyncio: mode=Mode.STRICT, debug=False, asyncio_default_fixture_loop_scope=None, asyncio_default_test_loop_scope=function
collecting ... collected 31 items

epics/ep_050_distribution_engine/implementation/node_09/test_community_intelligence.py::test_positive_registration_returns_expected_record PASSED [  3%]
epics/ep_050_distribution_engine/implementation/node_09/test_community_intelligence.py::test_metadata_defaults_to_empty_dict_when_omitted PASSED [  6%]
epics/ep_050_distribution_engine/implementation/node_09/test_community_intelligence.py::test_unregistered_target_is_rejected_fail_closed PASSED [  9%]
epics/ep_050_distribution_engine/implementation/node_09/test_community_intelligence.py::test_target_missing_node_08_is_rejected_fail_closed PASSED [ 12%]
epics/ep_050_distribution_engine/implementation/node_09/test_community_intelligence.py::test_registered_target_with_all_eight_real_upstream_registries_is_accepted PASSED [ 16%]
epics/ep_050_distribution_engine/implementation/node_09/test_community_intelligence.py::test_missing_required_field_is_rejected[signal_id] PASSED [ 19%]
epics/ep_050_distribution_engine/implementation/node_09/test_community_intelligence.py::test_missing_required_field_is_rejected[target_id] PASSED [ 22%]
epics/ep_050_distribution_engine/implementation/node_09/test_community_intelligence.py::test_missing_required_field_is_rejected[community_source] PASSED [ 25%]
epics/ep_050_distribution_engine/implementation/node_09/test_community_intelligence.py::test_missing_required_field_is_rejected[topic] PASSED [ 29%]
epics/ep_050_distribution_engine/implementation/node_09/test_community_intelligence.py::test_missing_required_field_is_rejected[question] PASSED [ 32%]
epics/ep_050_distribution_engine/implementation/node_09/test_community_intelligence.py::test_missing_required_field_is_rejected[pain_point] PASSED [ 35%]
epics/ep_050_distribution_engine/implementation/node_09/test_community_intelligence.py::test_missing_required_field_is_rejected[intent_cues] PASSED [ 38%]
epics/ep_050_distribution_engine/implementation/node_09/test_community_intelligence.py::test_missing_required_field_is_rejected[geography] PASSED [ 41%]
epics/ep_050_distribution_engine/implementation/node_09/test_community_intelligence.py::test_missing_required_field_is_rejected[observed_metrics] PASSED [ 45%]
epics/ep_050_distribution_engine/implementation/node_09/test_community_intelligence.py::test_missing_required_field_is_rejected[observed_at] PASSED [ 48%]
epics/ep_050_distribution_engine/implementation/node_09/test_community_intelligence.py::test_missing_required_field_is_rejected[source_type] PASSED [ 51%]
epics/ep_050_distribution_engine/implementation/node_09/test_community_intelligence.py::test_missing_required_field_is_rejected[evidence] PASSED [ 54%]
epics/ep_050_distribution_engine/implementation/node_09/test_community_intelligence.py::test_source_type_outside_offline_mvp_boundary_is_rejected PASSED [ 58%]
epics/ep_050_distribution_engine/implementation/node_09/test_community_intelligence.py::test_intent_cues_wrong_type_is_rejected PASSED [ 61%]
epics/ep_050_distribution_engine/implementation/node_09/test_community_intelligence.py::test_observed_metrics_negative_value_is_rejected PASSED [ 64%]
epics/ep_050_distribution_engine/implementation/node_09/test_community_intelligence.py::test_observed_metrics_non_numeric_value_is_rejected PASSED [ 67%]
epics/ep_050_distribution_engine/implementation/node_09/test_community_intelligence.py::test_observed_metrics_empty_dict_is_rejected PASSED [ 70%]
epics/ep_050_distribution_engine/implementation/node_09/test_community_intelligence.py::test_invalid_observed_at_format_is_rejected PASSED [ 74%]
epics/ep_050_distribution_engine/implementation/node_09/test_community_intelligence.py::test_geography_wrong_type_is_rejected PASSED [ 77%]
epics/ep_050_distribution_engine/implementation/node_09/test_community_intelligence.py::test_email_in_question_is_rejected PASSED [ 80%]
epics/ep_050_distribution_engine/implementation/node_09/test_community_intelligence.py::test_phone_in_pain_point_is_rejected PASSED [ 83%]
epics/ep_050_distribution_engine/implementation/node_09/test_community_intelligence.py::test_identical_reregistration_is_idempotent_and_does_not_duplicate PASSED [ 87%]
epics/ep_050_distribution_engine/implementation/node_09/test_community_intelligence.py::test_conflicting_duplicate_same_signal_different_content_is_rejected PASSED [ 90%]
epics/ep_050_distribution_engine/implementation/node_09/test_community_intelligence.py::test_persistence_round_trip_via_new_registry_instance PASSED [ 93%]
epics/ep_050_distribution_engine/implementation/node_09/test_community_intelligence.py::test_registration_makes_no_network_call PASSED [ 96%]
epics/ep_050_distribution_engine/implementation/node_09/test_community_intelligence.py::test_full_lifecycle_regression PASSED [100%]

============================= 31 passed in 4.61s ==============================
