============================= test session starts =============================
platform win32 -- Python 3.13.1, pytest-9.0.2, pluggy-1.6.0 -- C:\Python313\python.exe
cachedir: .pytest_cache
rootdir: C:\Users\edebe\eds
plugins: anyio-4.8.0, asyncio-1.3.0
asyncio: mode=Mode.STRICT, debug=False, asyncio_default_fixture_loop_scope=None, asyncio_default_test_loop_scope=function
collecting ... collected 25 items

epics/ep_050_distribution_engine/implementation/node_18/test_video_asset_factory.py::test_positive_registration_with_real_upstream_chain PASSED [  4%]
epics/ep_050_distribution_engine/implementation/node_18/test_video_asset_factory.py::test_default_shot_list_matches_storyboard_length PASSED [  8%]
epics/ep_050_distribution_engine/implementation/node_18/test_video_asset_factory.py::test_mismatched_classification_id_is_rejected PASSED [ 12%]
epics/ep_050_distribution_engine/implementation/node_18/test_video_asset_factory.py::test_mismatched_selection_id_is_rejected PASSED [ 16%]
epics/ep_050_distribution_engine/implementation/node_18/test_video_asset_factory.py::test_fact_not_in_asset_fact_ids_is_rejected PASSED [ 20%]
epics/ep_050_distribution_engine/implementation/node_18/test_video_asset_factory.py::test_asset_missing_fact_ids_is_rejected PASSED [ 24%]
epics/ep_050_distribution_engine/implementation/node_18/test_video_asset_factory.py::test_asset_not_a_cluster_member_is_rejected PASSED [ 28%]
epics/ep_050_distribution_engine/implementation/node_18/test_video_asset_factory.py::test_external_action_not_false_is_rejected PASSED [ 32%]
epics/ep_050_distribution_engine/implementation/node_18/test_video_asset_factory.py::test_missing_safety_disclaimer_is_rejected PASSED [ 36%]
epics/ep_050_distribution_engine/implementation/node_18/test_video_asset_factory.py::test_missing_call_to_action_is_rejected PASSED [ 40%]
epics/ep_050_distribution_engine/implementation/node_18/test_video_asset_factory.py::test_empty_custom_scenes_is_rejected PASSED [ 44%]
epics/ep_050_distribution_engine/implementation/node_18/test_video_asset_factory.py::test_custom_scene_missing_field_is_rejected PASSED [ 48%]
epics/ep_050_distribution_engine/implementation/node_18/test_video_asset_factory.py::test_custom_scene_wrong_index_order_is_rejected PASSED [ 52%]
epics/ep_050_distribution_engine/implementation/node_18/test_video_asset_factory.py::test_custom_scene_non_positive_duration_is_rejected PASSED [ 56%]
epics/ep_050_distribution_engine/implementation/node_18/test_video_asset_factory.py::test_custom_scene_unapproved_fact_id_is_rejected PASSED [ 60%]
epics/ep_050_distribution_engine/implementation/node_18/test_video_asset_factory.py::test_custom_scene_email_pii_is_rejected PASSED [ 64%]
epics/ep_050_distribution_engine/implementation/node_18/test_video_asset_factory.py::test_custom_scene_phone_pii_is_rejected PASSED [ 68%]
epics/ep_050_distribution_engine/implementation/node_18/test_video_asset_factory.py::test_total_duration_too_short_is_rejected PASSED [ 72%]
epics/ep_050_distribution_engine/implementation/node_18/test_video_asset_factory.py::test_total_duration_too_long_is_rejected PASSED [ 76%]
epics/ep_050_distribution_engine/implementation/node_18/test_video_asset_factory.py::test_determinism_same_inputs_produce_same_video_asset_id PASSED [ 80%]
epics/ep_050_distribution_engine/implementation/node_18/test_video_asset_factory.py::test_identical_rerun_is_idempotent_and_does_not_duplicate PASSED [ 84%]
epics/ep_050_distribution_engine/implementation/node_18/test_video_asset_factory.py::test_conflicting_stored_video_is_rejected PASSED [ 88%]
epics/ep_050_distribution_engine/implementation/node_18/test_video_asset_factory.py::test_persistence_round_trip_via_new_registry_instance PASSED [ 92%]
epics/ep_050_distribution_engine/implementation/node_18/test_video_asset_factory.py::test_registration_makes_no_network_call PASSED [ 96%]
epics/ep_050_distribution_engine/implementation/node_18/test_video_asset_factory.py::test_full_lifecycle_regression PASSED [100%]

============================= 25 passed in 0.51s ==============================
