============================= test session starts =============================
platform win32 -- Python 3.13.1, pytest-9.0.2, pluggy-1.6.0 -- C:\Python313\python.exe
cachedir: .pytest_cache
rootdir: C:\Users\edebe\eds
plugins: anyio-4.8.0, asyncio-1.3.0
asyncio: mode=Mode.STRICT, debug=False, asyncio_default_fixture_loop_scope=None, asyncio_default_test_loop_scope=function
collecting ... collected 24 items

epics/ep_050_distribution_engine/implementation/node_04/test_conversion_definition.py::test_positive_registration_returns_expected_record PASSED [  4%]
epics/ep_050_distribution_engine/implementation/node_04/test_conversion_definition.py::test_target_not_in_node_01_is_rejected_fail_closed PASSED [  8%]
epics/ep_050_distribution_engine/implementation/node_04/test_conversion_definition.py::test_target_missing_node_02_is_rejected_fail_closed PASSED [ 12%]
epics/ep_050_distribution_engine/implementation/node_04/test_conversion_definition.py::test_target_missing_node_03_is_rejected_fail_closed PASSED [ 16%]
epics/ep_050_distribution_engine/implementation/node_04/test_conversion_definition.py::test_registered_target_with_all_three_real_upstream_registries_is_accepted PASSED [ 20%]
epics/ep_050_distribution_engine/implementation/node_04/test_conversion_definition.py::test_missing_required_field_is_rejected[target_id] PASSED [ 25%]
epics/ep_050_distribution_engine/implementation/node_04/test_conversion_definition.py::test_missing_required_field_is_rejected[stages] PASSED [ 29%]
epics/ep_050_distribution_engine/implementation/node_04/test_conversion_definition.py::test_missing_required_field_is_rejected[allowed_transitions] PASSED [ 33%]
epics/ep_050_distribution_engine/implementation/node_04/test_conversion_definition.py::test_missing_required_field_is_rejected[success_stage_id] PASSED [ 37%]
epics/ep_050_distribution_engine/implementation/node_04/test_conversion_definition.py::test_missing_required_field_is_rejected[success_criteria] PASSED [ 41%]
epics/ep_050_distribution_engine/implementation/node_04/test_conversion_definition.py::test_duplicate_stage_id_is_rejected PASSED [ 45%]
epics/ep_050_distribution_engine/implementation/node_04/test_conversion_definition.py::test_duplicate_order_is_rejected PASSED [ 50%]
epics/ep_050_distribution_engine/implementation/node_04/test_conversion_definition.py::test_order_gap_is_rejected PASSED [ 54%]
epics/ep_050_distribution_engine/implementation/node_04/test_conversion_definition.py::test_non_positive_order_is_rejected PASSED [ 58%]
epics/ep_050_distribution_engine/implementation/node_04/test_conversion_definition.py::test_transition_referencing_unknown_stage_is_rejected PASSED [ 62%]
epics/ep_050_distribution_engine/implementation/node_04/test_conversion_definition.py::test_backward_transition_is_rejected PASSED [ 66%]
epics/ep_050_distribution_engine/implementation/node_04/test_conversion_definition.py::test_self_transition_is_rejected PASSED [ 70%]
epics/ep_050_distribution_engine/implementation/node_04/test_conversion_definition.py::test_duplicate_transition_is_rejected PASSED [ 75%]
epics/ep_050_distribution_engine/implementation/node_04/test_conversion_definition.py::test_success_stage_id_not_in_stages_is_rejected PASSED [ 79%]
epics/ep_050_distribution_engine/implementation/node_04/test_conversion_definition.py::test_identical_reregistration_is_idempotent_and_does_not_duplicate PASSED [ 83%]
epics/ep_050_distribution_engine/implementation/node_04/test_conversion_definition.py::test_conflicting_duplicate_same_target_different_content_is_rejected PASSED [ 87%]
epics/ep_050_distribution_engine/implementation/node_04/test_conversion_definition.py::test_persistence_round_trip_via_new_registry_instance PASSED [ 91%]
epics/ep_050_distribution_engine/implementation/node_04/test_conversion_definition.py::test_registration_makes_no_network_call PASSED [ 95%]
epics/ep_050_distribution_engine/implementation/node_04/test_conversion_definition.py::test_full_lifecycle_regression PASSED [100%]

============================= 24 passed in 1.32s ==============================
