============================= test session starts =============================
platform win32 -- Python 3.13.1, pytest-9.0.2, pluggy-1.6.0 -- C:\Python313\python.exe
cachedir: .pytest_cache
rootdir: C:\Users\edebe\eds
plugins: anyio-4.8.0, asyncio-1.3.0
asyncio: mode=Mode.STRICT, debug=False, asyncio_default_fixture_loop_scope=None, asyncio_default_test_loop_scope=function
collecting ... collected 26 items

epics/ep_050_distribution_engine/implementation/node_03/test_audience_definition.py::test_positive_registration_returns_expected_record PASSED [  3%]
epics/ep_050_distribution_engine/implementation/node_03/test_audience_definition.py::test_derive_segment_id_is_deterministic PASSED [  7%]
epics/ep_050_distribution_engine/implementation/node_03/test_audience_definition.py::test_optional_fields_default_to_empty_list_when_omitted PASSED [ 11%]
epics/ep_050_distribution_engine/implementation/node_03/test_audience_definition.py::test_target_not_in_node_01_is_rejected_fail_closed PASSED [ 15%]
epics/ep_050_distribution_engine/implementation/node_03/test_audience_definition.py::test_target_in_node_01_but_missing_node_02_is_rejected_fail_closed PASSED [ 19%]
epics/ep_050_distribution_engine/implementation/node_03/test_audience_definition.py::test_registered_target_with_real_node_01_and_node_02_registries_is_accepted PASSED [ 23%]
epics/ep_050_distribution_engine/implementation/node_03/test_audience_definition.py::test_missing_required_field_is_rejected[target_id] PASSED [ 26%]
epics/ep_050_distribution_engine/implementation/node_03/test_audience_definition.py::test_missing_required_field_is_rejected[segment_name] PASSED [ 30%]
epics/ep_050_distribution_engine/implementation/node_03/test_audience_definition.py::test_missing_required_field_is_rejected[needs] PASSED [ 34%]
epics/ep_050_distribution_engine/implementation/node_03/test_audience_definition.py::test_missing_required_field_is_rejected[pains] PASSED [ 38%]
epics/ep_050_distribution_engine/implementation/node_03/test_audience_definition.py::test_missing_required_field_is_rejected[urgency] PASSED [ 42%]
epics/ep_050_distribution_engine/implementation/node_03/test_audience_definition.py::test_missing_required_field_is_rejected[eligibility_geography] PASSED [ 46%]
epics/ep_050_distribution_engine/implementation/node_03/test_audience_definition.py::test_missing_geography_subfield_is_rejected PASSED [ 50%]
epics/ep_050_distribution_engine/implementation/node_03/test_audience_definition.py::test_invalid_urgency_enum_is_rejected PASSED [ 53%]
epics/ep_050_distribution_engine/implementation/node_03/test_audience_definition.py::test_needs_wrong_type_is_rejected PASSED [ 57%]
epics/ep_050_distribution_engine/implementation/node_03/test_audience_definition.py::test_needs_empty_list_is_rejected PASSED [ 61%]
epics/ep_050_distribution_engine/implementation/node_03/test_audience_definition.py::test_eligibility_geography_wrong_type_is_rejected PASSED [ 65%]
epics/ep_050_distribution_engine/implementation/node_03/test_audience_definition.py::test_email_address_in_needs_is_rejected PASSED [ 69%]
epics/ep_050_distribution_engine/implementation/node_03/test_audience_definition.py::test_phone_number_in_pains_is_rejected PASSED [ 73%]
epics/ep_050_distribution_engine/implementation/node_03/test_audience_definition.py::test_email_address_in_segment_name_is_rejected PASSED [ 76%]
epics/ep_050_distribution_engine/implementation/node_03/test_audience_definition.py::test_phone_number_in_exclusions_is_rejected PASSED [ 80%]
epics/ep_050_distribution_engine/implementation/node_03/test_audience_definition.py::test_identical_reregistration_is_idempotent_and_does_not_duplicate PASSED [ 84%]
epics/ep_050_distribution_engine/implementation/node_03/test_audience_definition.py::test_conflicting_duplicate_same_segment_different_content_is_rejected PASSED [ 88%]
epics/ep_050_distribution_engine/implementation/node_03/test_audience_definition.py::test_persistence_round_trip_via_new_registry_instance PASSED [ 92%]
epics/ep_050_distribution_engine/implementation/node_03/test_audience_definition.py::test_registration_makes_no_network_call PASSED [ 96%]
epics/ep_050_distribution_engine/implementation/node_03/test_audience_definition.py::test_full_lifecycle_regression PASSED [100%]

============================= 26 passed in 1.01s ==============================
