============================= test session starts =============================
platform win32 -- Python 3.13.1, pytest-9.0.2, pluggy-1.6.0 -- C:\Python313\python.exe
cachedir: .pytest_cache
rootdir: C:\Users\edebe\eds\epics\ep_050_distribution_engine\implementation\node_01
plugins: anyio-4.8.0, asyncio-1.3.0
asyncio: mode=Mode.STRICT, debug=False, asyncio_default_fixture_loop_scope=None, asyncio_default_test_loop_scope=function
collecting ... collected 19 items

epics\ep_050_distribution_engine\implementation\node_01\test_registration.py::test_positive_registration_returns_expected_record PASSED [  5%]
epics\ep_050_distribution_engine\implementation\node_01\test_registration.py::test_derive_target_id_matches_downstream_contract_fixture PASSED [ 10%]
epics\ep_050_distribution_engine\implementation\node_01\test_registration.py::test_derive_target_id_is_deterministic_across_calls PASSED [ 15%]
epics\ep_050_distribution_engine\implementation\node_01\test_registration.py::test_slugify_normalizes_case_and_punctuation PASSED [ 21%]
epics\ep_050_distribution_engine\implementation\node_01\test_registration.py::test_missing_required_field_is_rejected[target_type] PASSED [ 26%]
epics\ep_050_distribution_engine\implementation\node_01\test_registration.py::test_missing_required_field_is_rejected[service] PASSED [ 31%]
epics\ep_050_distribution_engine\implementation\node_01\test_registration.py::test_missing_required_field_is_rejected[market] PASSED [ 36%]
epics\ep_050_distribution_engine\implementation\node_01\test_registration.py::test_missing_required_field_is_rejected[geography] PASSED [ 42%]
epics\ep_050_distribution_engine\implementation\node_01\test_registration.py::test_missing_geography_subfield_is_rejected PASSED [ 47%]
epics\ep_050_distribution_engine\implementation\node_01\test_registration.py::test_invalid_target_type_format_is_rejected PASSED [ 52%]
epics\ep_050_distribution_engine\implementation\node_01\test_registration.py::test_invalid_status_enum_is_rejected PASSED [ 57%]
epics\ep_050_distribution_engine\implementation\node_01\test_registration.py::test_geography_wrong_type_is_rejected PASSED [ 63%]
epics\ep_050_distribution_engine\implementation\node_01\test_registration.py::test_app_id_wrong_type_is_rejected PASSED [ 68%]
epics\ep_050_distribution_engine\implementation\node_01\test_registration.py::test_identical_reregistration_is_idempotent_and_does_not_duplicate PASSED [ 73%]
epics\ep_050_distribution_engine\implementation\node_01\test_registration.py::test_conflicting_duplicate_same_id_different_fields_is_rejected PASSED [ 78%]
epics\ep_050_distribution_engine\implementation\node_01\test_registration.py::test_persistence_round_trip_via_new_registry_instance PASSED [ 84%]
epics\ep_050_distribution_engine\implementation\node_01\test_registration.py::test_storage_file_is_local_json_not_a_database_connection PASSED [ 89%]
epics\ep_050_distribution_engine\implementation\node_01\test_registration.py::test_registration_makes_no_network_call PASSED [ 94%]
epics\ep_050_distribution_engine\implementation\node_01\test_registration.py::test_full_lifecycle_regression PASSED [100%]

============================= 19 passed in 0.18s ==============================
