============================= test session starts =============================
platform win32 -- Python 3.12.7, pytest-7.4.4, pluggy-1.0.0 -- C:\Users\edebe\anaconda3\python.exe
cachedir: .pytest_cache
rootdir: C:\Users\edebe\eds
plugins: anyio-4.9.0, langsmith-0.3.19
collecting ... collected 8 items

epics/ep_050_distribution_engine/implementation/node_12/test_opportunity_scoring.py::test_positive_opportunity_scoring PASSED [ 12%]
epics/ep_050_distribution_engine/implementation/node_12/test_opportunity_scoring.py::test_real_node11_to_node12_integration PASSED [ 25%]
epics/ep_050_distribution_engine/implementation/node_12/test_opportunity_scoring.py::test_priority_tier_transitions PASSED [ 37%]
epics/ep_050_distribution_engine/implementation/node_12/test_opportunity_scoring.py::test_idempotency_and_determinism PASSED [ 50%]
epics/ep_050_distribution_engine/implementation/node_12/test_opportunity_scoring.py::test_missing_lineage_fails_closed PASSED [ 62%]
epics/ep_050_distribution_engine/implementation/node_12/test_opportunity_scoring.py::test_invalid_urgency_level_fails PASSED [ 75%]
epics/ep_050_distribution_engine/implementation/node_12/test_opportunity_scoring.py::test_invalid_custom_weights_fail PASSED [ 87%]
epics/ep_050_distribution_engine/implementation/node_12/test_opportunity_scoring.py::test_serialization_round_trip PASSED [100%]

============================== 8 passed in 0.15s ==============================
