============================= test session starts =============================
platform win32 -- Python 3.13.1, pytest-9.0.2, pluggy-1.6.0 -- C:\Python313\python.exe
cachedir: .pytest_cache
rootdir: C:\Users\edebe\eds
plugins: anyio-4.8.0, asyncio-1.3.0
asyncio: mode=Mode.STRICT, debug=False, asyncio_default_fixture_loop_scope=None, asyncio_default_test_loop_scope=function
collecting ... collected 38 items

epics/ep_050_distribution_engine/implementation/node_10/test_trend_detection.py::test_positive_registration_returns_expected_record PASSED [  2%]
epics/ep_050_distribution_engine/implementation/node_10/test_trend_detection.py::test_metadata_defaults_to_empty_dict_when_omitted PASSED [  5%]
epics/ep_050_distribution_engine/implementation/node_10/test_trend_detection.py::test_velocity_direction_spike_and_confidence_computed_correctly PASSED [  7%]
epics/ep_050_distribution_engine/implementation/node_10/test_trend_detection.py::test_downward_trend_direction_computed PASSED [ 10%]
epics/ep_050_distribution_engine/implementation/node_10/test_trend_detection.py::test_flat_trend_within_deadband_is_not_up_or_down PASSED [ 13%]
epics/ep_050_distribution_engine/implementation/node_10/test_trend_detection.py::test_confidence_scales_with_minimum_sample_count PASSED [ 15%]
epics/ep_050_distribution_engine/implementation/node_10/test_trend_detection.py::test_zero_baseline_value_is_rejected PASSED [ 18%]
epics/ep_050_distribution_engine/implementation/node_10/test_trend_detection.py::test_unregistered_target_is_rejected_fail_closed PASSED [ 21%]
epics/ep_050_distribution_engine/implementation/node_10/test_trend_detection.py::test_target_missing_node_09_is_rejected_fail_closed PASSED [ 23%]
epics/ep_050_distribution_engine/implementation/node_10/test_trend_detection.py::test_registered_target_with_all_nine_real_upstream_registries_is_accepted PASSED [ 26%]
epics/ep_050_distribution_engine/implementation/node_10/test_trend_detection.py::test_missing_required_field_is_rejected[trend_id] PASSED [ 28%]
epics/ep_050_distribution_engine/implementation/node_10/test_trend_detection.py::test_missing_required_field_is_rejected[target_id] PASSED [ 31%]
epics/ep_050_distribution_engine/implementation/node_10/test_trend_detection.py::test_missing_required_field_is_rejected[topic] PASSED [ 34%]
epics/ep_050_distribution_engine/implementation/node_10/test_trend_detection.py::test_missing_required_field_is_rejected[geography] PASSED [ 36%]
epics/ep_050_distribution_engine/implementation/node_10/test_trend_detection.py::test_missing_required_field_is_rejected[window] PASSED [ 39%]
epics/ep_050_distribution_engine/implementation/node_10/test_trend_detection.py::test_missing_required_field_is_rejected[metric_name] PASSED [ 42%]
epics/ep_050_distribution_engine/implementation/node_10/test_trend_detection.py::test_missing_required_field_is_rejected[baseline_value] PASSED [ 44%]
epics/ep_050_distribution_engine/implementation/node_10/test_trend_detection.py::test_missing_required_field_is_rejected[baseline_sample_count] PASSED [ 47%]
epics/ep_050_distribution_engine/implementation/node_10/test_trend_detection.py::test_missing_required_field_is_rejected[current_value] PASSED [ 50%]
epics/ep_050_distribution_engine/implementation/node_10/test_trend_detection.py::test_missing_required_field_is_rejected[current_sample_count] PASSED [ 52%]
epics/ep_050_distribution_engine/implementation/node_10/test_trend_detection.py::test_missing_required_field_is_rejected[source_type] PASSED [ 55%]
epics/ep_050_distribution_engine/implementation/node_10/test_trend_detection.py::test_missing_required_field_is_rejected[evidence] PASSED [ 57%]
epics/ep_050_distribution_engine/implementation/node_10/test_trend_detection.py::test_source_type_outside_offline_mvp_boundary_is_rejected PASSED [ 60%]
epics/ep_050_distribution_engine/implementation/node_10/test_trend_detection.py::test_geography_wrong_type_is_rejected PASSED [ 63%]
epics/ep_050_distribution_engine/implementation/node_10/test_trend_detection.py::test_window_non_monotonic_is_rejected PASSED [ 65%]
epics/ep_050_distribution_engine/implementation/node_10/test_trend_detection.py::test_window_overlapping_baseline_and_current_is_rejected PASSED [ 68%]
epics/ep_050_distribution_engine/implementation/node_10/test_trend_detection.py::test_window_missing_key_is_rejected PASSED [ 71%]
epics/ep_050_distribution_engine/implementation/node_10/test_trend_detection.py::test_baseline_value_negative_is_rejected PASSED [ 73%]
epics/ep_050_distribution_engine/implementation/node_10/test_trend_detection.py::test_current_value_non_numeric_is_rejected PASSED [ 76%]
epics/ep_050_distribution_engine/implementation/node_10/test_trend_detection.py::test_sample_count_below_minimum_is_rejected PASSED [ 78%]
epics/ep_050_distribution_engine/implementation/node_10/test_trend_detection.py::test_sample_count_non_integer_is_rejected PASSED [ 81%]
epics/ep_050_distribution_engine/implementation/node_10/test_trend_detection.py::test_email_in_topic_is_rejected PASSED [ 84%]
epics/ep_050_distribution_engine/implementation/node_10/test_trend_detection.py::test_phone_in_metric_name_is_rejected PASSED [ 86%]
epics/ep_050_distribution_engine/implementation/node_10/test_trend_detection.py::test_identical_reregistration_is_idempotent_and_does_not_duplicate PASSED [ 89%]
epics/ep_050_distribution_engine/implementation/node_10/test_trend_detection.py::test_conflicting_duplicate_same_trend_different_content_is_rejected PASSED [ 92%]
epics/ep_050_distribution_engine/implementation/node_10/test_trend_detection.py::test_persistence_round_trip_via_new_registry_instance PASSED [ 94%]
epics/ep_050_distribution_engine/implementation/node_10/test_trend_detection.py::test_registration_makes_no_network_call PASSED [ 97%]
epics/ep_050_distribution_engine/implementation/node_10/test_trend_detection.py::test_full_lifecycle_regression PASSED [100%]

============================= 38 passed in 7.53s ==============================
