============================= test session starts =============================
platform win32 -- Python 3.12.7, pytest-7.4.4, pluggy-1.0.0 -- C:\Users\edebe\anaconda3\python.exe
cachedir: .pytest_cache
rootdir: C:\Users\edebe\eds
plugins: anyio-4.9.0, langsmith-0.3.19
collecting ... collected 9 items

epics/ep_050_distribution_engine/implementation/node_12/test_opportunity_scoring.py::test_positive_opportunity_scoring PASSED [ 11%]
epics/ep_050_distribution_engine/implementation/node_12/test_opportunity_scoring.py::test_real_node11_to_node12_integration PASSED [ 22%]
epics/ep_050_distribution_engine/implementation/node_12/test_opportunity_scoring.py::test_priority_tier_transitions PASSED [ 33%]
epics/ep_050_distribution_engine/implementation/node_12/test_opportunity_scoring.py::test_idempotency_and_determinism PASSED [ 44%]
epics/ep_050_distribution_engine/implementation/node_12/test_opportunity_scoring.py::test_missing_lineage_fails_closed PASSED [ 55%]
epics/ep_050_distribution_engine/implementation/node_12/test_opportunity_scoring.py::test_invalid_urgency_level_fails PASSED [ 66%]
epics/ep_050_distribution_engine/implementation/node_12/test_opportunity_scoring.py::test_invalid_custom_weights_fail PASSED [ 77%]
epics/ep_050_distribution_engine/implementation/node_12/test_opportunity_scoring.py::test_serialization_round_trip PASSED [ 88%]
epics/ep_050_distribution_engine/implementation/node_12/test_opportunity_scoring.py::test_nodes01_to_05_to_11_to_12_full_pipeline_live_integration PASSED [100%]

============================== 9 passed in 0.11s ==============================
