============================= test session starts =============================
platform win32 -- Python 3.13.1, pytest-9.0.2, pluggy-1.6.0 -- C:\Python313\python.exe
cachedir: .pytest_cache
rootdir: C:\Users\edebe\eds
plugins: anyio-4.8.0, asyncio-1.3.0
asyncio: mode=Mode.STRICT, debug=False, asyncio_default_fixture_loop_scope=None, asyncio_default_test_loop_scope=function
collecting ... collected 25 items

epics/ep_050_distribution_engine/implementation/node_05/test_search_demand_discovery.py::test_positive_registration_returns_expected_record PASSED [  4%]
epics/ep_050_distribution_engine/implementation/node_05/test_search_demand_discovery.py::test_metadata_defaults_to_empty_dict_when_omitted PASSED [  8%]
epics/ep_050_distribution_engine/implementation/node_05/test_search_demand_discovery.py::test_unregistered_target_is_rejected_fail_closed PASSED [ 12%]
epics/ep_050_distribution_engine/implementation/node_05/test_search_demand_discovery.py::test_target_missing_node_04_is_rejected_fail_closed PASSED [ 16%]
epics/ep_050_distribution_engine/implementation/node_05/test_search_demand_discovery.py::test_registered_target_with_all_four_real_upstream_registries_is_accepted PASSED [ 20%]
epics/ep_050_distribution_engine/implementation/node_05/test_search_demand_discovery.py::test_produced_signal_is_accepted_by_the_real_node_11_classifier PASSED [ 24%]
epics/ep_050_distribution_engine/implementation/node_05/test_search_demand_discovery.py::test_missing_required_field_is_rejected[signal_id] PASSED [ 28%]
epics/ep_050_distribution_engine/implementation/node_05/test_search_demand_discovery.py::test_missing_required_field_is_rejected[target_id] PASSED [ 32%]
epics/ep_050_distribution_engine/implementation/node_05/test_search_demand_discovery.py::test_missing_required_field_is_rejected[raw_query] PASSED [ 36%]
epics/ep_050_distribution_engine/implementation/node_05/test_search_demand_discovery.py::test_missing_required_field_is_rejected[topic] PASSED [ 40%]
epics/ep_050_distribution_engine/implementation/node_05/test_search_demand_discovery.py::test_missing_required_field_is_rejected[source_type] PASSED [ 44%]
epics/ep_050_distribution_engine/implementation/node_05/test_search_demand_discovery.py::test_missing_required_field_is_rejected[observed_at] PASSED [ 48%]
epics/ep_050_distribution_engine/implementation/node_05/test_search_demand_discovery.py::test_missing_required_field_is_rejected[geography] PASSED [ 52%]
epics/ep_050_distribution_engine/implementation/node_05/test_search_demand_discovery.py::test_missing_required_field_is_rejected[service_context] PASSED [ 56%]
epics/ep_050_distribution_engine/implementation/node_05/test_search_demand_discovery.py::test_source_type_outside_offline_mvp_boundary_is_rejected PASSED [ 60%]
epics/ep_050_distribution_engine/implementation/node_05/test_search_demand_discovery.py::test_invalid_observed_at_format_is_rejected PASSED [ 64%]
epics/ep_050_distribution_engine/implementation/node_05/test_search_demand_discovery.py::test_geography_wrong_type_is_rejected PASSED [ 68%]
epics/ep_050_distribution_engine/implementation/node_05/test_search_demand_discovery.py::test_service_context_missing_subfield_is_rejected PASSED [ 72%]
epics/ep_050_distribution_engine/implementation/node_05/test_search_demand_discovery.py::test_email_in_raw_query_is_rejected PASSED [ 76%]
epics/ep_050_distribution_engine/implementation/node_05/test_search_demand_discovery.py::test_phone_in_topic_is_rejected PASSED [ 80%]
epics/ep_050_distribution_engine/implementation/node_05/test_search_demand_discovery.py::test_identical_reregistration_is_idempotent_and_does_not_duplicate PASSED [ 84%]
epics/ep_050_distribution_engine/implementation/node_05/test_search_demand_discovery.py::test_conflicting_duplicate_same_signal_different_content_is_rejected PASSED [ 88%]
epics/ep_050_distribution_engine/implementation/node_05/test_search_demand_discovery.py::test_persistence_round_trip_via_new_registry_instance PASSED [ 92%]
epics/ep_050_distribution_engine/implementation/node_05/test_search_demand_discovery.py::test_registration_makes_no_network_call PASSED [ 96%]
epics/ep_050_distribution_engine/implementation/node_05/test_search_demand_discovery.py::test_full_lifecycle_regression PASSED [100%]

============================= 25 passed in 1.95s ==============================
