============================= test session starts =============================
platform win32 -- Python 3.13.1, pytest-9.0.2, pluggy-1.6.0 -- C:\Python313\python.exe
cachedir: .pytest_cache
rootdir: C:\Users\edebe\eds
plugins: anyio-4.8.0, asyncio-1.3.0
asyncio: mode=Mode.STRICT, debug=False, asyncio_default_fixture_loop_scope=None, asyncio_default_test_loop_scope=function
collecting ... collected 22 items

epics/ep_050_distribution_engine/implementation/node_02/test_product_intelligence.py::test_positive_registration_returns_expected_record PASSED [  4%]
epics/ep_050_distribution_engine/implementation/node_02/test_product_intelligence.py::test_evidence_sources_defaults_to_empty_list_when_omitted PASSED [  9%]
epics/ep_050_distribution_engine/implementation/node_02/test_product_intelligence.py::test_unregistered_target_is_rejected_fail_closed PASSED [ 13%]
epics/ep_050_distribution_engine/implementation/node_02/test_product_intelligence.py::test_registered_target_from_real_node_01_registry_is_accepted PASSED [ 18%]
epics/ep_050_distribution_engine/implementation/node_02/test_product_intelligence.py::test_missing_required_field_is_rejected[target_id] PASSED [ 22%]
epics/ep_050_distribution_engine/implementation/node_02/test_product_intelligence.py::test_missing_required_field_is_rejected[problem] PASSED [ 27%]
epics/ep_050_distribution_engine/implementation/node_02/test_product_intelligence.py::test_missing_required_field_is_rejected[solution] PASSED [ 31%]
epics/ep_050_distribution_engine/implementation/node_02/test_product_intelligence.py::test_missing_required_field_is_rejected[features] PASSED [ 36%]
epics/ep_050_distribution_engine/implementation/node_02/test_product_intelligence.py::test_missing_required_field_is_rejected[benefits] PASSED [ 40%]
epics/ep_050_distribution_engine/implementation/node_02/test_product_intelligence.py::test_missing_required_field_is_rejected[differentiators] PASSED [ 45%]
epics/ep_050_distribution_engine/implementation/node_02/test_product_intelligence.py::test_missing_required_field_is_rejected[commercial_model] PASSED [ 50%]
epics/ep_050_distribution_engine/implementation/node_02/test_product_intelligence.py::test_missing_required_field_is_rejected[customer_outcome] PASSED [ 54%]
epics/ep_050_distribution_engine/implementation/node_02/test_product_intelligence.py::test_empty_string_required_field_is_rejected PASSED [ 59%]
epics/ep_050_distribution_engine/implementation/node_02/test_product_intelligence.py::test_features_wrong_type_is_rejected PASSED [ 63%]
epics/ep_050_distribution_engine/implementation/node_02/test_product_intelligence.py::test_features_empty_list_is_rejected PASSED [ 68%]
epics/ep_050_distribution_engine/implementation/node_02/test_product_intelligence.py::test_features_list_with_non_string_item_is_rejected PASSED [ 72%]
epics/ep_050_distribution_engine/implementation/node_02/test_product_intelligence.py::test_evidence_sources_wrong_type_is_rejected PASSED [ 77%]
epics/ep_050_distribution_engine/implementation/node_02/test_product_intelligence.py::test_identical_reregistration_is_idempotent_and_does_not_duplicate PASSED [ 81%]
epics/ep_050_distribution_engine/implementation/node_02/test_product_intelligence.py::test_conflicting_duplicate_same_target_different_content_is_rejected PASSED [ 86%]
epics/ep_050_distribution_engine/implementation/node_02/test_product_intelligence.py::test_persistence_round_trip_via_new_registry_instance PASSED [ 90%]
epics/ep_050_distribution_engine/implementation/node_02/test_product_intelligence.py::test_registration_makes_no_network_call PASSED [ 95%]
epics/ep_050_distribution_engine/implementation/node_02/test_product_intelligence.py::test_full_lifecycle_regression PASSED [100%]

============================= 22 passed in 0.42s ==============================
