============================= test session starts =============================
platform win32 -- Python 3.13.1, pytest-9.0.2, pluggy-1.6.0 -- C:\Python313\python.exe
cachedir: .pytest_cache
rootdir: C:\Users\edebe\eds
plugins: anyio-4.8.0, asyncio-1.3.0
asyncio: mode=Mode.STRICT, debug=False, asyncio_default_fixture_loop_scope=None, asyncio_default_test_loop_scope=function
collecting ... collected 43 items

epics/ep_050_distribution_engine/implementation/operational_console_claude/test_console_server.py::test_server_binds_loopback_only PASSED [  2%]
epics/ep_050_distribution_engine/implementation/operational_console_claude/test_console_server.py::test_status_endpoint_reports_ready_and_no_external_action PASSED [  4%]
epics/ep_050_distribution_engine/implementation/operational_console_claude/test_console_server.py::test_phases_endpoint_matches_master_workflow_seven_stages PASSED [  6%]
epics/ep_050_distribution_engine/implementation/operational_console_claude/test_console_server.py::test_static_files_are_served PASSED [  9%]
epics/ep_050_distribution_engine/implementation/operational_console_claude/test_console_server.py::test_create_run_returns_run_id_and_persists PASSED [ 11%]
epics/ep_050_distribution_engine/implementation/operational_console_claude/test_console_server.py::test_get_unknown_run_returns_404 PASSED [ 13%]
epics/ep_050_distribution_engine/implementation/operational_console_claude/test_console_server.py::test_invalid_run_id_format_returns_400 PASSED [ 16%]
epics/ep_050_distribution_engine/implementation/operational_console_claude/test_console_server.py::test_node01_register_positive_records_lineage PASSED [ 18%]
epics/ep_050_distribution_engine/implementation/operational_console_claude/test_console_server.py::test_node01_register_missing_field_returns_400 PASSED [ 20%]
epics/ep_050_distribution_engine/implementation/operational_console_claude/test_console_server.py::test_node02_before_node01_is_rejected_fail_closed PASSED [ 23%]
epics/ep_050_distribution_engine/implementation/operational_console_claude/test_console_server.py::test_node02_register_positive_after_node01 PASSED [ 25%]
epics/ep_050_distribution_engine/implementation/operational_console_claude/test_console_server.py::test_node03_before_node02_is_rejected_fail_closed PASSED [ 27%]
epics/ep_050_distribution_engine/implementation/operational_console_claude/test_console_server.py::test_node03_register_positive_after_node01_and_node02 PASSED [ 30%]
epics/ep_050_distribution_engine/implementation/operational_console_claude/test_console_server.py::test_node03_prohibited_pii_is_rejected PASSED [ 32%]
epics/ep_050_distribution_engine/implementation/operational_console_claude/test_console_server.py::test_node04_before_audience_is_rejected_fail_closed PASSED [ 34%]
epics/ep_050_distribution_engine/implementation/operational_console_claude/test_console_server.py::test_node04_register_positive_uses_master_spec_funnel PASSED [ 37%]
epics/ep_050_distribution_engine/implementation/operational_console_claude/test_console_server.py::test_node05_before_conversion_is_rejected_fail_closed PASSED [ 39%]
epics/ep_050_distribution_engine/implementation/operational_console_claude/test_console_server.py::test_node05_register_positive PASSED [ 41%]
epics/ep_050_distribution_engine/implementation/operational_console_claude/test_console_server.py::test_node06_before_demand_signal_is_rejected_fail_closed PASSED [ 44%]
epics/ep_050_distribution_engine/implementation/operational_console_claude/test_console_server.py::test_node06_register_positive PASSED [ 46%]
epics/ep_050_distribution_engine/implementation/operational_console_claude/test_console_server.py::test_node07_before_question_is_rejected_fail_closed PASSED [ 48%]
epics/ep_050_distribution_engine/implementation/operational_console_claude/test_console_server.py::test_node07_register_positive PASSED [ 51%]
epics/ep_050_distribution_engine/implementation/operational_console_claude/test_console_server.py::test_node08_before_social_video_is_rejected_fail_closed PASSED [ 53%]
epics/ep_050_distribution_engine/implementation/operational_console_claude/test_console_server.py::test_node08_register_positive PASSED [ 55%]
epics/ep_050_distribution_engine/implementation/operational_console_claude/test_console_server.py::test_node09_before_competitor_is_rejected_fail_closed PASSED [ 58%]
epics/ep_050_distribution_engine/implementation/operational_console_claude/test_console_server.py::test_node09_register_positive PASSED [ 60%]
epics/ep_050_distribution_engine/implementation/operational_console_claude/test_console_server.py::test_node10_before_community_is_rejected_fail_closed PASSED [ 62%]
epics/ep_050_distribution_engine/implementation/operational_console_claude/test_console_server.py::test_node10_register_positive_computes_velocity_and_direction PASSED [ 65%]
epics/ep_050_distribution_engine/implementation/operational_console_claude/test_console_server.py::test_node05_to_node10_full_chain_via_helper PASSED [ 67%]
epics/ep_050_distribution_engine/implementation/operational_console_claude/test_console_server.py::test_node11_classify_without_target_or_registered_run_target_is_rejected PASSED [ 69%]
epics/ep_050_distribution_engine/implementation/operational_console_claude/test_console_server.py::test_node11_classify_positive_using_run_target PASSED [ 72%]
epics/ep_050_distribution_engine/implementation/operational_console_claude/test_console_server.py::test_node11_classify_invalid_source_type_is_rejected PASSED [ 74%]
epics/ep_050_distribution_engine/implementation/operational_console_claude/test_console_server.py::test_phases_endpoint_reports_node15_18_as_console_controls PASSED [ 76%]
epics/ep_050_distribution_engine/implementation/operational_console_claude/test_console_server.py::test_phases_endpoint_does_not_falsely_report_accepted_nodes_as_not_implemented PASSED [ 79%]
epics/ep_050_distribution_engine/implementation/operational_console_claude/test_console_server.py::test_phases_endpoint_every_node_in_range_is_classified_exactly_once PASSED [ 81%]
epics/ep_050_distribution_engine/implementation/operational_console_claude/test_console_server.py::test_node15_generate_without_classifications_is_rejected PASSED [ 83%]
epics/ep_050_distribution_engine/implementation/operational_console_claude/test_console_server.py::test_node15_generate_positive_creates_cluster PASSED [ 86%]
epics/ep_050_distribution_engine/implementation/operational_console_claude/test_console_server.py::test_node16_fact_without_target_is_rejected PASSED [ 88%]
epics/ep_050_distribution_engine/implementation/operational_console_claude/test_console_server.py::test_node16_fact_positive PASSED [ 90%]
epics/ep_050_distribution_engine/implementation/operational_console_claude/test_console_server.py::test_node18_generate_without_cluster_is_rejected PASSED [ 93%]
epics/ep_050_distribution_engine/implementation/operational_console_claude/test_console_server.py::test_node18_generate_missing_fact_is_rejected PASSED [ 95%]
epics/ep_050_distribution_engine/implementation/operational_console_claude/test_console_server.py::test_node18_generate_positive_creates_video_asset PASSED [ 97%]
epics/ep_050_distribution_engine/implementation/operational_console_claude/test_console_server.py::test_full_lifecycle_regression PASSED [100%]

============================= 43 passed in 8.33s ==============================
