============================= test session starts =============================
platform win32 -- Python 3.12.7, pytest-7.4.4, pluggy-1.0.0 -- C:\Users\edebe\anaconda3\python.exe
cachedir: .pytest_cache
rootdir: C:\Users\edebe\eds
plugins: anyio-4.9.0, langsmith-0.3.19
collecting ... collected 6 items

epics/ep_050_distribution_engine/implementation/node_16/test_canonical_knowledge_store.py::test_positive_fact_registration PASSED [ 16%]
epics/ep_050_distribution_engine/implementation/node_16/test_canonical_knowledge_store.py::test_safety_critical_guidance_enforcement PASSED [ 33%]
epics/ep_050_distribution_engine/implementation/node_16/test_canonical_knowledge_store.py::test_prohibited_pii_screen PASSED [ 50%]
epics/ep_050_distribution_engine/implementation/node_16/test_canonical_knowledge_store.py::test_idempotency_and_conflict_rejection PASSED [ 66%]
epics/ep_050_distribution_engine/implementation/node_16/test_canonical_knowledge_store.py::test_persistence_roundtrip PASSED [ 83%]
epics/ep_050_distribution_engine/implementation/node_16/test_canonical_knowledge_store.py::test_upstream_node01_node02_node16_integration PASSED [100%]

============================== 6 passed in 0.07s ==============================
